mode: set
AdHub/internal/pkg/delivery/router/user/authhandler.go:10.75,14.46 3 1
AdHub/internal/pkg/delivery/router/user/authhandler.go:14.46,18.3 3 0
AdHub/internal/pkg/delivery/router/user/authhandler.go:19.2,22.56 2 1
AdHub/internal/pkg/delivery/router/user/authhandler.go:22.56,26.3 3 0
AdHub/internal/pkg/delivery/router/user/authhandler.go:29.2,30.16 2 1
AdHub/internal/pkg/delivery/router/user/authhandler.go:30.16,34.3 3 0
AdHub/internal/pkg/delivery/router/user/authhandler.go:37.2,37.42 1 1
AdHub/internal/pkg/delivery/router/user/authhandler.go:37.42,39.17 2 1
AdHub/internal/pkg/delivery/router/user/authhandler.go:39.17,42.4 2 0
AdHub/internal/pkg/delivery/router/user/authhandler.go:45.3,52.31 3 1
AdHub/internal/pkg/delivery/router/user/authhandler.go:54.8,57.3 2 0
AdHub/internal/pkg/delivery/router/user/filehandler.go:10.75,13.16 3 1
AdHub/internal/pkg/delivery/router/user/filehandler.go:13.16,16.3 2 0
AdHub/internal/pkg/delivery/router/user/filehandler.go:18.2,18.41 1 1
AdHub/internal/pkg/delivery/router/user/filehandler.go:18.41,20.3 1 1
AdHub/internal/pkg/delivery/router/user/filehandler.go:20.8,20.48 1 0
AdHub/internal/pkg/delivery/router/user/filehandler.go:20.48,22.3 1 0
AdHub/internal/pkg/delivery/router/user/filehandler.go:24.2,24.74 1 1
AdHub/internal/pkg/delivery/router/user/pinghandler.go:9.58,17.16 3 1
AdHub/internal/pkg/delivery/router/user/pinghandler.go:17.16,19.3 1 0
AdHub/internal/pkg/delivery/router/user/pinghandler.go:21.2,24.23 3 1
AdHub/internal/pkg/delivery/router/user/usercreatehandler.go:11.81,15.46 3 1
AdHub/internal/pkg/delivery/router/user/usercreatehandler.go:15.46,19.3 3 0
AdHub/internal/pkg/delivery/router/user/usercreatehandler.go:20.2,23.104 2 1
AdHub/internal/pkg/delivery/router/user/usercreatehandler.go:23.104,27.3 3 0
AdHub/internal/pkg/delivery/router/user/usercreatehandler.go:30.2,31.16 2 1
AdHub/internal/pkg/delivery/router/user/usercreatehandler.go:31.16,34.86 2 0
AdHub/internal/pkg/delivery/router/user/usercreatehandler.go:34.86,36.4 1 0
AdHub/internal/pkg/delivery/router/user/usercreatehandler.go:36.9,38.4 1 0
AdHub/internal/pkg/delivery/router/user/usercreatehandler.go:39.3,39.9 1 0
AdHub/internal/pkg/delivery/router/user/usercreatehandler.go:42.2,43.16 2 1
AdHub/internal/pkg/delivery/router/user/usercreatehandler.go:43.16,45.3 1 0
AdHub/internal/pkg/delivery/router/user/usercreatehandler.go:47.2,51.23 5 1
AdHub/internal/pkg/delivery/router/user/userdeletehandler.go:7.81,10.50 2 1
AdHub/internal/pkg/delivery/router/user/userdeletehandler.go:10.50,14.3 3 0
AdHub/internal/pkg/delivery/router/user/userdeletehandler.go:16.2,16.37 1 1
AdHub/internal/pkg/delivery/router/user/userreadbytoken.go:8.85,14.49 3 0
AdHub/internal/pkg/delivery/router/user/userreadbytoken.go:14.49,18.3 3 0
AdHub/internal/pkg/delivery/router/user/userreadbytoken.go:19.2,23.16 3 0
AdHub/internal/pkg/delivery/router/user/userreadbytoken.go:23.16,27.3 3 0
AdHub/internal/pkg/delivery/router/user/userreadbytoken.go:30.2,31.16 2 0
AdHub/internal/pkg/delivery/router/user/userreadbytoken.go:31.16,35.3 3 0
AdHub/internal/pkg/delivery/router/user/userreadbytoken.go:37.2,38.56 2 0
AdHub/internal/pkg/delivery/router/user/userreadbytoken.go:38.56,41.3 2 0
AdHub/internal/pkg/delivery/router/user/userreadhandler.go:8.79,12.16 3 1
AdHub/internal/pkg/delivery/router/user/userreadhandler.go:12.16,16.3 3 0
AdHub/internal/pkg/delivery/router/user/userreadhandler.go:18.2,19.56 2 1
AdHub/internal/pkg/delivery/router/user/userreadhandler.go:19.56,22.3 2 0
AdHub/internal/pkg/delivery/router/user/userrouter.go:20.186,28.2 1 0
AdHub/internal/pkg/delivery/router/user/userrouter.go:30.38,43.2 11 0
AdHub/internal/pkg/delivery/router/user/userupdatehandler.go:9.81,21.16 4 0
AdHub/internal/pkg/delivery/router/user/userupdatehandler.go:21.16,26.17 4 0
AdHub/internal/pkg/delivery/router/user/userupdatehandler.go:26.17,30.4 3 0
AdHub/internal/pkg/delivery/router/user/userupdatehandler.go:32.3,33.17 2 0
AdHub/internal/pkg/delivery/router/user/userupdatehandler.go:33.17,37.4 3 0
AdHub/internal/pkg/delivery/router/user/userupdatehandler.go:40.2,40.16 1 0
AdHub/internal/pkg/delivery/router/user/userupdatehandler.go:40.16,43.3 2 0
AdHub/internal/pkg/delivery/router/user/userupdatehandler.go:45.2,46.49 2 0
AdHub/internal/pkg/delivery/router/user/userupdatehandler.go:46.49,50.3 3 0
AdHub/internal/pkg/delivery/router/user/userupdatehandler.go:51.2,54.26 2 0
AdHub/internal/pkg/delivery/router/user/userupdatehandler.go:54.26,58.3 3 0
AdHub/internal/pkg/delivery/router/user/userupdatehandler.go:61.2,62.16 2 0
AdHub/internal/pkg/delivery/router/user/userupdatehandler.go:62.16,66.3 3 0
AdHub/internal/pkg/delivery/router/user/userupdatehandler.go:69.2,70.16 2 0
AdHub/internal/pkg/delivery/router/user/userupdatehandler.go:70.16,74.3 3 0
AdHub/internal/pkg/delivery/router/user/userupdatehandler.go:77.2,77.26 1 0
AdHub/internal/pkg/delivery/router/user/userupdatehandler.go:77.26,79.3 1 0
AdHub/internal/pkg/delivery/router/user/userupdatehandler.go:80.2,80.29 1 0
AdHub/internal/pkg/delivery/router/user/userupdatehandler.go:80.29,82.3 1 0
AdHub/internal/pkg/delivery/router/user/userupdatehandler.go:83.2,83.26 1 0
AdHub/internal/pkg/delivery/router/user/userupdatehandler.go:83.26,85.3 1 0
AdHub/internal/pkg/delivery/router/user/userupdatehandler.go:86.2,86.26 1 0
AdHub/internal/pkg/delivery/router/user/userupdatehandler.go:86.26,88.3 1 0
AdHub/internal/pkg/delivery/router/user/userupdatehandler.go:89.2,89.32 1 0
AdHub/internal/pkg/delivery/router/user/userupdatehandler.go:89.32,91.3 1 0
AdHub/internal/pkg/delivery/router/user/userupdatehandler.go:92.2,92.18 1 0
AdHub/internal/pkg/delivery/router/user/userupdatehandler.go:92.18,94.3 1 0
AdHub/internal/pkg/delivery/router/user/userupdatehandler.go:97.2,98.16 2 0
AdHub/internal/pkg/delivery/router/user/userupdatehandler.go:98.16,102.3 3 0
AdHub/internal/pkg/delivery/router/user/userupdatehandler.go:104.2,104.30 1 0
AdHub/internal/pkg/repo/adrepository.go:14.62,20.2 2 1
AdHub/internal/pkg/repo/adrepository.go:22.58,24.16 2 0
AdHub/internal/pkg/repo/adrepository.go:24.16,26.3 1 0
AdHub/internal/pkg/repo/adrepository.go:28.2,32.15 2 0
AdHub/internal/pkg/repo/adrepository.go:35.70,39.29 1 1
AdHub/internal/pkg/repo/adrepository.go:39.29,41.3 1 0
AdHub/internal/pkg/repo/adrepository.go:43.2,43.16 1 1
AdHub/internal/pkg/repo/adrepository.go:46.45,47.84 1 1
AdHub/internal/pkg/repo/adrepository.go:47.84,49.3 1 0
AdHub/internal/pkg/repo/adrepository.go:51.2,51.12 1 1
AdHub/internal/pkg/repo/adrepository.go:54.54,59.16 2 1
AdHub/internal/pkg/repo/adrepository.go:59.16,61.3 1 0
AdHub/internal/pkg/repo/adrepository.go:63.2,63.12 1 1
AdHub/internal/pkg/repo/adrepository.go:66.61,68.16 2 1
AdHub/internal/pkg/repo/adrepository.go:68.16,70.3 1 0
AdHub/internal/pkg/repo/adrepository.go:72.2,76.18 3 1
AdHub/internal/pkg/repo/adrepository.go:76.18,79.17 3 1
AdHub/internal/pkg/repo/adrepository.go:79.17,81.4 1 0
AdHub/internal/pkg/repo/adrepository.go:83.3,88.24 5 1
AdHub/internal/pkg/repo/adrepository.go:91.2,91.17 1 1
AdHub/internal/pkg/repo/adrepository.go:94.59,96.2 1 1
AdHub/internal/pkg/repo/adrepository.go:98.58,100.2 1 1
AdHub/internal/pkg/repo/adrepository.go:102.58,104.16 2 1
AdHub/internal/pkg/repo/adrepository.go:104.16,106.3 1 0
AdHub/internal/pkg/repo/adrepository.go:108.2,112.18 3 1
AdHub/internal/pkg/repo/adrepository.go:112.18,115.17 3 1
AdHub/internal/pkg/repo/adrepository.go:115.17,117.4 1 0
AdHub/internal/pkg/repo/adrepository.go:119.3,124.11 5 1
AdHub/internal/pkg/repo/adrepository.go:127.2,127.17 1 1
AdHub/internal/pkg/repo/balancerepository.go:14.72,20.2 2 1
AdHub/internal/pkg/repo/balancerepository.go:22.68,24.16 2 0
AdHub/internal/pkg/repo/balancerepository.go:24.16,26.3 1 0
AdHub/internal/pkg/repo/balancerepository.go:28.2,32.15 2 0
AdHub/internal/pkg/repo/balancerepository.go:35.90,39.34 1 1
AdHub/internal/pkg/repo/balancerepository.go:39.34,41.3 1 0
AdHub/internal/pkg/repo/balancerepository.go:43.2,43.21 1 1
AdHub/internal/pkg/repo/balancerepository.go:46.50,47.89 1 1
AdHub/internal/pkg/repo/balancerepository.go:47.89,49.3 1 0
AdHub/internal/pkg/repo/balancerepository.go:51.2,51.12 1 1
AdHub/internal/pkg/repo/balancerepository.go:54.60,56.2 1 1
AdHub/internal/pkg/repo/balancerepository.go:58.69,63.16 2 1
AdHub/internal/pkg/repo/balancerepository.go:63.16,65.3 1 0
AdHub/internal/pkg/repo/balancerepository.go:67.2,67.12 1 1
AdHub/internal/pkg/repo/balancerepository.go:70.69,72.16 2 1
AdHub/internal/pkg/repo/balancerepository.go:72.16,74.3 1 0
AdHub/internal/pkg/repo/balancerepository.go:76.2,80.18 3 1
AdHub/internal/pkg/repo/balancerepository.go:80.18,82.17 2 1
AdHub/internal/pkg/repo/balancerepository.go:82.17,84.4 1 0
AdHub/internal/pkg/repo/balancerepository.go:86.2,86.21 1 1
AdHub/internal/pkg/repo/balancerepository.go:86.21,88.3 1 0
AdHub/internal/pkg/repo/balancerepository.go:89.2,89.21 1 1
AdHub/internal/pkg/repo/filerepository.go:15.60,17.2 1 1
AdHub/internal/pkg/repo/filerepository.go:19.80,27.2 4 1
AdHub/internal/pkg/repo/filerepository.go:29.88,34.16 4 1
AdHub/internal/pkg/repo/filerepository.go:34.16,36.3 1 0
AdHub/internal/pkg/repo/filerepository.go:38.2,38.28 1 1
AdHub/internal/pkg/repo/filerepository.go:41.66,45.16 3 1
AdHub/internal/pkg/repo/filerepository.go:45.16,47.3 1 0
AdHub/internal/pkg/repo/filerepository.go:49.2,49.18 1 1
AdHub/internal/pkg/repo/filerepository.go:52.59,56.16 3 1
AdHub/internal/pkg/repo/filerepository.go:56.16,58.3 1 0
AdHub/internal/pkg/repo/filerepository.go:60.2,60.12 1 1
AdHub/internal/pkg/repo/filerepository.go:63.65,65.2 1 1
AdHub/internal/pkg/repo/sessionrepository.go:16.96,21.2 2 1
AdHub/internal/pkg/repo/sessionrepository.go:23.98,26.2 2 0
AdHub/internal/pkg/repo/sessionrepository.go:28.84,29.23 1 1
AdHub/internal/pkg/repo/sessionrepository.go:29.23,31.3 1 0
AdHub/internal/pkg/repo/sessionrepository.go:32.2,34.16 3 1
AdHub/internal/pkg/repo/sessionrepository.go:34.16,36.3 1 0
AdHub/internal/pkg/repo/sessionrepository.go:37.2,37.15 1 1
AdHub/internal/pkg/repo/sessionrepository.go:40.82,41.23 1 1
AdHub/internal/pkg/repo/sessionrepository.go:41.23,43.3 1 0
AdHub/internal/pkg/repo/sessionrepository.go:45.2,47.16 3 1
AdHub/internal/pkg/repo/sessionrepository.go:47.16,49.3 1 0
AdHub/internal/pkg/repo/sessionrepository.go:51.2,52.16 2 1
AdHub/internal/pkg/repo/sessionrepository.go:52.16,54.3 1 0
AdHub/internal/pkg/repo/sessionrepository.go:55.2,55.15 1 1
AdHub/internal/pkg/repo/sessionrepository.go:58.63,59.23 1 1
AdHub/internal/pkg/repo/sessionrepository.go:59.23,61.3 1 0
AdHub/internal/pkg/repo/sessionrepository.go:63.2,65.12 3 1
AdHub/internal/pkg/repo/sessionrepository.go:68.73,71.16 3 1
AdHub/internal/pkg/repo/sessionrepository.go:71.16,73.3 1 0
AdHub/internal/pkg/repo/sessionrepository.go:74.2,74.25 1 1
AdHub/internal/pkg/repo/targetrepository.go:17.70,23.2 2 1
AdHub/internal/pkg/repo/targetrepository.go:25.66,27.16 2 0
AdHub/internal/pkg/repo/targetrepository.go:27.16,29.3 1 0
AdHub/internal/pkg/repo/targetrepository.go:31.2,35.15 2 0
AdHub/internal/pkg/repo/targetrepository.go:38.86,47.33 5 1
AdHub/internal/pkg/repo/targetrepository.go:47.33,49.3 1 0
AdHub/internal/pkg/repo/targetrepository.go:51.2,51.20 1 1
AdHub/internal/pkg/repo/targetrepository.go:54.66,64.16 6 1
AdHub/internal/pkg/repo/targetrepository.go:64.16,66.3 1 0
AdHub/internal/pkg/repo/targetrepository.go:68.2,68.12 1 1
AdHub/internal/pkg/repo/targetrepository.go:71.49,72.89 1 1
AdHub/internal/pkg/repo/targetrepository.go:72.89,74.3 1 0
AdHub/internal/pkg/repo/targetrepository.go:76.2,76.12 1 1
AdHub/internal/pkg/repo/targetrepository.go:79.59,81.2 1 1
AdHub/internal/pkg/repo/targetrepository.go:83.66,85.2 1 1
AdHub/internal/pkg/repo/targetrepository.go:87.67,89.16 2 1
AdHub/internal/pkg/repo/targetrepository.go:89.16,92.3 2 0
AdHub/internal/pkg/repo/targetrepository.go:94.2,98.18 3 1
AdHub/internal/pkg/repo/targetrepository.go:98.18,101.17 3 1
AdHub/internal/pkg/repo/targetrepository.go:101.17,103.4 1 0
AdHub/internal/pkg/repo/targetrepository.go:105.3,114.35 9 1
AdHub/internal/pkg/repo/targetrepository.go:117.2,117.20 1 1
AdHub/internal/pkg/repo/targetrepository.go:117.20,119.3 1 0
AdHub/internal/pkg/repo/targetrepository.go:121.2,121.20 1 1
AdHub/internal/pkg/repo/targetrepository.go:124.73,126.16 2 1
AdHub/internal/pkg/repo/targetrepository.go:126.16,129.3 2 0
AdHub/internal/pkg/repo/targetrepository.go:130.2,134.18 3 1
AdHub/internal/pkg/repo/targetrepository.go:134.18,138.17 4 1
AdHub/internal/pkg/repo/targetrepository.go:138.17,140.4 1 0
AdHub/internal/pkg/repo/targetrepository.go:142.3,153.37 10 1
AdHub/internal/pkg/repo/targetrepository.go:156.2,156.23 1 1
AdHub/internal/pkg/repo/targetrepository.go:156.23,158.3 1 0
AdHub/internal/pkg/repo/targetrepository.go:160.2,160.21 1 1
AdHub/internal/pkg/repo/targetrepository.go:163.39,165.22 2 1
AdHub/internal/pkg/repo/targetrepository.go:165.22,167.3 1 1
AdHub/internal/pkg/repo/targetrepository.go:168.2,168.13 1 1
AdHub/internal/pkg/repo/userrepository.go:15.66,20.2 2 1
AdHub/internal/pkg/repo/userrepository.go:22.62,24.16 2 0
AdHub/internal/pkg/repo/userrepository.go:24.16,26.3 1 0
AdHub/internal/pkg/repo/userrepository.go:27.2,30.15 2 0
AdHub/internal/pkg/repo/userrepository.go:33.78,37.31 1 1
AdHub/internal/pkg/repo/userrepository.go:37.31,39.3 1 0
AdHub/internal/pkg/repo/userrepository.go:40.2,40.18 1 1
AdHub/internal/pkg/repo/userrepository.go:42.53,43.92 1 1
AdHub/internal/pkg/repo/userrepository.go:43.92,45.3 1 0
AdHub/internal/pkg/repo/userrepository.go:46.2,46.12 1 1
AdHub/internal/pkg/repo/userrepository.go:49.70,51.2 1 1
AdHub/internal/pkg/repo/userrepository.go:53.61,55.2 1 1
AdHub/internal/pkg/repo/userrepository.go:57.60,62.16 2 1
AdHub/internal/pkg/repo/userrepository.go:62.16,64.3 1 0
AdHub/internal/pkg/repo/userrepository.go:65.2,65.12 1 1
AdHub/internal/pkg/repo/userrepository.go:68.76,70.16 2 1
AdHub/internal/pkg/repo/userrepository.go:70.16,72.3 1 0
AdHub/internal/pkg/repo/userrepository.go:73.2,75.18 3 1
AdHub/internal/pkg/repo/userrepository.go:75.18,77.17 2 1
AdHub/internal/pkg/repo/userrepository.go:77.17,79.4 1 0
AdHub/internal/pkg/repo/userrepository.go:81.2,88.18 7 1
AdHub/internal/pkg/repo/userrepository.go:88.18,90.3 1 0
AdHub/internal/pkg/repo/userrepository.go:91.2,91.18 1 1
AdHub/internal/pkg/repo/userrepository.go:94.67,96.16 2 1
AdHub/internal/pkg/repo/userrepository.go:96.16,98.3 1 0
AdHub/internal/pkg/repo/userrepository.go:99.2,101.18 3 1
AdHub/internal/pkg/repo/userrepository.go:101.18,103.17 2 1
AdHub/internal/pkg/repo/userrepository.go:103.17,105.4 1 0
AdHub/internal/pkg/repo/userrepository.go:107.2,114.18 7 1
AdHub/internal/pkg/repo/userrepository.go:114.18,116.3 1 0
AdHub/internal/pkg/repo/userrepository.go:117.2,117.18 1 1
AdHub/internal/pkg/usecases/ad/ad.go:11.49,15.2 1 1
AdHub/internal/pkg/usecases/ad/ad.go:17.70,19.2 1 1
AdHub/internal/pkg/usecases/ad/ad.go:21.65,23.2 1 1
AdHub/internal/pkg/usecases/ad/ad.go:25.59,27.2 1 0
AdHub/internal/pkg/usecases/ad/ad.go:29.45,31.2 1 0
AdHub/internal/pkg/usecases/ad/ad.go:33.53,35.2 1 0
AdHub/internal/pkg/usecases/balance/balance.go:11.59,15.2 1 1
AdHub/internal/pkg/usecases/balance/balance.go:17.90,19.2 1 1
AdHub/internal/pkg/usecases/balance/balance.go:21.74,23.2 1 1
AdHub/internal/pkg/usecases/balance/balance.go:25.55,27.2 1 1
AdHub/internal/pkg/usecases/balance/balance.go:29.64,31.16 2 1
AdHub/internal/pkg/usecases/balance/balance.go:31.16,33.3 1 0
AdHub/internal/pkg/usecases/balance/balance.go:35.2,38.28 3 1
AdHub/internal/pkg/usecases/balance/balance.go:41.66,43.16 2 1
AdHub/internal/pkg/usecases/balance/balance.go:43.16,45.3 1 0
AdHub/internal/pkg/usecases/balance/balance.go:47.2,50.28 3 1
AdHub/internal/pkg/usecases/balance/balance.go:53.69,55.16 2 1
AdHub/internal/pkg/usecases/balance/balance.go:55.16,57.3 1 0
AdHub/internal/pkg/usecases/balance/balance.go:59.2,61.28 2 1
AdHub/internal/pkg/usecases/file/file.go:11.53,15.2 1 1
AdHub/internal/pkg/usecases/file/file.go:17.83,19.2 1 1
AdHub/internal/pkg/usecases/file/file.go:21.61,23.2 1 1
AdHub/internal/pkg/usecases/file/file.go:25.54,27.2 1 1
AdHub/internal/pkg/usecases/session/session.go:12.59,16.2 1 1
AdHub/internal/pkg/usecases/session/session.go:18.89,20.2 1 1
AdHub/internal/pkg/usecases/session/session.go:22.87,24.2 1 1
AdHub/internal/pkg/usecases/session/session.go:26.68,28.2 1 1
AdHub/internal/pkg/usecases/session/session.go:30.78,32.2 1 1
AdHub/internal/pkg/usecases/session/session.go:34.85,40.16 5 1
AdHub/internal/pkg/usecases/session/session.go:40.16,42.3 1 0
AdHub/internal/pkg/usecases/session/session.go:45.2,45.96 1 1
AdHub/internal/pkg/usecases/session/session.go:45.96,47.17 2 0
AdHub/internal/pkg/usecases/session/session.go:47.17,49.4 1 0
AdHub/internal/pkg/usecases/session/session.go:51.2,52.16 2 1
AdHub/internal/pkg/usecases/session/session.go:52.16,54.3 1 0
AdHub/internal/pkg/usecases/session/session.go:56.2,56.24 1 1
AdHub/internal/pkg/usecases/session/session.go:59.63,65.2 2 1
AdHub/internal/pkg/usecases/target/target.go:11.57,15.2 1 1
AdHub/internal/pkg/usecases/target/target.go:17.85,19.2 1 1
AdHub/internal/pkg/usecases/target/target.go:21.53,23.2 1 1
AdHub/internal/pkg/usecases/target/target.go:25.71,27.2 1 1
AdHub/internal/pkg/usecases/target/target.go:29.77,31.2 1 1
AdHub/internal/pkg/usecases/target/target.go:33.65,35.2 1 0
AdHub/internal/pkg/usecases/user/user.go:11.53,15.2 1 1
AdHub/internal/pkg/usecases/user/user.go:17.80,19.2 1 1
AdHub/internal/pkg/usecases/user/user.go:21.58,23.2 1 1
AdHub/internal/pkg/usecases/user/user.go:25.78,27.2 1 1
AdHub/internal/pkg/usecases/user/user.go:29.69,31.2 1 1
AdHub/internal/pkg/usecases/user/user.go:33.59,35.2 1 0
AdHub/pkg/cryptoUtils/utils.go:8.51,11.16 3 1
AdHub/pkg/cryptoUtils/utils.go:11.16,13.3 1 0
AdHub/pkg/cryptoUtils/utils.go:14.2,15.17 2 1
AdHub/pkg/db/postgres.go:15.30,17.2 1 0
AdHub/pkg/db/postgres.go:19.30,23.2 1 0
AdHub/pkg/db/postgres.go:25.27,27.2 1 0
AdHub/pkg/db/postgres.go:29.42,31.16 2 1
AdHub/pkg/db/postgres.go:31.16,34.3 2 0
AdHub/pkg/db/postgres.go:36.2,38.15 2 1
AdHub/pkg/db/postgres.go:41.22,43.2 1 1
AdHub/pkg/logger/logrus_logger.go:14.50,21.2 4 0
AdHub/pkg/logger/logrus_logger.go:23.45,25.2 1 1
AdHub/pkg/logger/logrus_logger.go:27.46,29.2 1 1
AdHub/pkg/logger/logrus_logger.go:31.46,33.2 1 0
AdHub/pkg/logger/logrus_logger.go:35.50,36.15 1 1
AdHub/pkg/logger/logrus_logger.go:37.18,38.36 1 1
AdHub/pkg/logger/logrus_logger.go:39.17,40.35 1 1
AdHub/pkg/logger/logrus_logger.go:41.18,42.36 1 1
AdHub/pkg/logger/logrus_logger.go:43.18,44.36 1 1
AdHub/pkg/logger/logrus_logger.go:48.84,56.2 2 1
AdHub/pkg/middleware/auth.go:9.85,10.46 1 1
AdHub/pkg/middleware/auth.go:10.46,11.72 1 1
AdHub/pkg/middleware/auth.go:11.72,13.18 2 1
AdHub/pkg/middleware/auth.go:13.18,16.5 2 1
AdHub/pkg/middleware/auth.go:18.4,19.18 2 1
AdHub/pkg/middleware/auth.go:19.18,22.5 2 0
AdHub/pkg/middleware/auth.go:24.4,26.41 2 1
AdHub/pkg/middleware/cors.go:5.43,6.71 1 1
AdHub/pkg/middleware/cors.go:6.71,7.37 1 1
AdHub/pkg/middleware/cors.go:7.37,14.4 6 1
AdHub/pkg/middleware/cors.go:15.3,18.23 3 1
AdHub/pkg/middleware/logger.go:9.64,10.46 1 1
AdHub/pkg/middleware/logger.go:10.46,11.72 1 1
AdHub/pkg/middleware/logger.go:11.72,19.4 4 1
AdHub/pkg/middleware/recover.go:10.65,11.46 1 1
AdHub/pkg/middleware/recover.go:11.46,12.72 1 1
AdHub/pkg/middleware/recover.go:12.72,13.17 1 1
AdHub/pkg/middleware/recover.go:13.17,14.37 1 1
AdHub/pkg/middleware/recover.go:14.37,19.6 3 1
AdHub/pkg/middleware/recover.go:22.4,22.24 1 1
