mode: set
AdHub/auth/pkg/repo/sessionrepository.go:16.96,21.2 2 1
AdHub/auth/pkg/repo/sessionrepository.go:23.98,26.2 2 0
AdHub/auth/pkg/repo/sessionrepository.go:28.84,29.23 1 1
AdHub/auth/pkg/repo/sessionrepository.go:29.23,31.3 1 0
AdHub/auth/pkg/repo/sessionrepository.go:32.2,34.16 3 1
AdHub/auth/pkg/repo/sessionrepository.go:34.16,36.3 1 0
AdHub/auth/pkg/repo/sessionrepository.go:37.2,37.15 1 1
AdHub/auth/pkg/repo/sessionrepository.go:40.82,41.23 1 1
AdHub/auth/pkg/repo/sessionrepository.go:41.23,43.3 1 0
AdHub/auth/pkg/repo/sessionrepository.go:45.2,47.16 3 1
AdHub/auth/pkg/repo/sessionrepository.go:47.16,49.3 1 0
AdHub/auth/pkg/repo/sessionrepository.go:51.2,52.16 2 1
AdHub/auth/pkg/repo/sessionrepository.go:52.16,54.3 1 0
AdHub/auth/pkg/repo/sessionrepository.go:55.2,55.15 1 1
AdHub/auth/pkg/repo/sessionrepository.go:58.63,59.23 1 1
AdHub/auth/pkg/repo/sessionrepository.go:59.23,61.3 1 0
AdHub/auth/pkg/repo/sessionrepository.go:63.2,65.12 3 1
AdHub/auth/pkg/repo/sessionrepository.go:68.73,71.16 3 1
AdHub/auth/pkg/repo/sessionrepository.go:71.16,73.3 1 0
AdHub/auth/pkg/repo/sessionrepository.go:74.2,74.25 1 1
AdHub/internal/pkg/repo/adrepository.go:14.62,20.2 2 1
AdHub/internal/pkg/repo/adrepository.go:22.58,24.16 2 0
AdHub/internal/pkg/repo/adrepository.go:24.16,26.3 1 0
AdHub/internal/pkg/repo/adrepository.go:28.2,32.15 2 0
AdHub/internal/pkg/repo/adrepository.go:35.70,39.29 1 1
AdHub/internal/pkg/repo/adrepository.go:39.29,41.3 1 1
AdHub/internal/pkg/repo/adrepository.go:43.2,43.16 1 0
AdHub/internal/pkg/repo/adrepository.go:46.45,47.84 1 1
AdHub/internal/pkg/repo/adrepository.go:47.84,49.3 1 0
AdHub/internal/pkg/repo/adrepository.go:51.2,51.12 1 1
AdHub/internal/pkg/repo/adrepository.go:54.54,59.16 2 1
AdHub/internal/pkg/repo/adrepository.go:59.16,61.3 1 1
AdHub/internal/pkg/repo/adrepository.go:63.2,63.12 1 0
AdHub/internal/pkg/repo/adrepository.go:66.61,68.16 2 1
AdHub/internal/pkg/repo/adrepository.go:68.16,70.3 1 1
AdHub/internal/pkg/repo/adrepository.go:72.2,76.18 3 0
AdHub/internal/pkg/repo/adrepository.go:76.18,79.17 3 0
AdHub/internal/pkg/repo/adrepository.go:79.17,81.4 1 0
AdHub/internal/pkg/repo/adrepository.go:83.3,88.24 5 0
AdHub/internal/pkg/repo/adrepository.go:91.2,91.17 1 0
AdHub/internal/pkg/repo/adrepository.go:94.59,96.2 1 1
AdHub/internal/pkg/repo/adrepository.go:98.58,100.2 1 1
AdHub/internal/pkg/repo/adrepository.go:102.61,104.2 1 0
AdHub/internal/pkg/repo/adrepository.go:106.58,108.16 2 1
AdHub/internal/pkg/repo/adrepository.go:108.16,110.3 1 1
AdHub/internal/pkg/repo/adrepository.go:112.2,116.18 3 0
AdHub/internal/pkg/repo/adrepository.go:116.18,119.17 3 0
AdHub/internal/pkg/repo/adrepository.go:119.17,121.4 1 0
AdHub/internal/pkg/repo/adrepository.go:123.3,128.11 5 0
AdHub/internal/pkg/repo/adrepository.go:131.2,131.17 1 0
AdHub/internal/pkg/repo/adrepository.go:134.68,136.16 2 0
AdHub/internal/pkg/repo/adrepository.go:136.16,138.3 1 0
AdHub/internal/pkg/repo/adrepository.go:140.2,144.18 3 0
AdHub/internal/pkg/repo/adrepository.go:144.18,147.17 3 0
AdHub/internal/pkg/repo/adrepository.go:147.17,149.4 1 0
AdHub/internal/pkg/repo/adrepository.go:151.3,156.20 5 0
AdHub/internal/pkg/repo/adrepository.go:156.20,158.4 1 0
AdHub/internal/pkg/repo/adrepository.go:161.2,161.17 1 0
AdHub/internal/pkg/repo/balancerepository.go:14.72,20.2 2 1
AdHub/internal/pkg/repo/balancerepository.go:22.68,24.16 2 0
AdHub/internal/pkg/repo/balancerepository.go:24.16,26.3 1 0
AdHub/internal/pkg/repo/balancerepository.go:28.2,32.15 2 0
AdHub/internal/pkg/repo/balancerepository.go:35.90,39.34 1 1
AdHub/internal/pkg/repo/balancerepository.go:39.34,41.3 1 0
AdHub/internal/pkg/repo/balancerepository.go:43.2,43.21 1 1
AdHub/internal/pkg/repo/balancerepository.go:46.50,47.89 1 1
AdHub/internal/pkg/repo/balancerepository.go:47.89,49.3 1 0
AdHub/internal/pkg/repo/balancerepository.go:51.2,51.12 1 1
AdHub/internal/pkg/repo/balancerepository.go:54.60,56.2 1 1
AdHub/internal/pkg/repo/balancerepository.go:58.69,63.16 2 1
AdHub/internal/pkg/repo/balancerepository.go:63.16,65.3 1 0
AdHub/internal/pkg/repo/balancerepository.go:67.2,67.12 1 1
AdHub/internal/pkg/repo/balancerepository.go:70.69,72.16 2 1
AdHub/internal/pkg/repo/balancerepository.go:72.16,74.3 1 0
AdHub/internal/pkg/repo/balancerepository.go:76.2,80.18 3 1
AdHub/internal/pkg/repo/balancerepository.go:80.18,82.17 2 1
AdHub/internal/pkg/repo/balancerepository.go:82.17,84.4 1 0
AdHub/internal/pkg/repo/balancerepository.go:86.2,86.21 1 1
AdHub/internal/pkg/repo/balancerepository.go:86.21,88.3 1 0
AdHub/internal/pkg/repo/balancerepository.go:89.2,89.21 1 1
AdHub/internal/pkg/repo/csrfrepository.go:16.86,19.2 2 0
AdHub/internal/pkg/repo/csrfrepository.go:21.75,22.23 1 0
AdHub/internal/pkg/repo/csrfrepository.go:22.23,24.3 1 0
AdHub/internal/pkg/repo/csrfrepository.go:25.2,27.16 3 0
AdHub/internal/pkg/repo/csrfrepository.go:27.16,29.3 1 0
AdHub/internal/pkg/repo/csrfrepository.go:30.2,30.15 1 0
AdHub/internal/pkg/repo/csrfrepository.go:33.67,37.16 3 0
AdHub/internal/pkg/repo/csrfrepository.go:37.16,39.3 1 0
AdHub/internal/pkg/repo/csrfrepository.go:41.2,44.8 1 0
AdHub/internal/pkg/repo/csrfrepository.go:47.57,48.23 1 0
AdHub/internal/pkg/repo/csrfrepository.go:48.23,50.3 1 0
AdHub/internal/pkg/repo/csrfrepository.go:52.2,54.12 3 0
AdHub/internal/pkg/repo/filerepository.go:15.60,17.2 1 1
AdHub/internal/pkg/repo/filerepository.go:19.80,27.2 4 1
AdHub/internal/pkg/repo/filerepository.go:29.88,34.16 4 1
AdHub/internal/pkg/repo/filerepository.go:34.16,36.3 1 0
AdHub/internal/pkg/repo/filerepository.go:38.2,38.28 1 1
AdHub/internal/pkg/repo/filerepository.go:41.66,45.16 3 1
AdHub/internal/pkg/repo/filerepository.go:45.16,47.3 1 0
AdHub/internal/pkg/repo/filerepository.go:49.2,49.18 1 1
AdHub/internal/pkg/repo/filerepository.go:52.59,56.16 3 1
AdHub/internal/pkg/repo/filerepository.go:56.16,58.3 1 0
AdHub/internal/pkg/repo/filerepository.go:60.2,60.12 1 1
AdHub/internal/pkg/repo/filerepository.go:63.65,65.2 1 1
AdHub/internal/pkg/repo/padrepository.go:14.64,20.2 2 0
AdHub/internal/pkg/repo/padrepository.go:22.60,24.16 2 0
AdHub/internal/pkg/repo/padrepository.go:24.16,26.3 1 0
AdHub/internal/pkg/repo/padrepository.go:28.2,32.15 2 0
AdHub/internal/pkg/repo/padrepository.go:35.74,39.30 1 0
AdHub/internal/pkg/repo/padrepository.go:39.30,41.3 1 0
AdHub/internal/pkg/repo/padrepository.go:43.2,43.17 1 0
AdHub/internal/pkg/repo/padrepository.go:46.46,47.85 1 0
AdHub/internal/pkg/repo/padrepository.go:47.85,49.3 1 0
AdHub/internal/pkg/repo/padrepository.go:51.2,51.12 1 0
AdHub/internal/pkg/repo/padrepository.go:54.57,59.16 2 0
AdHub/internal/pkg/repo/padrepository.go:59.16,61.3 1 0
AdHub/internal/pkg/repo/padrepository.go:63.2,63.12 1 0
AdHub/internal/pkg/repo/padrepository.go:66.63,68.16 2 0
AdHub/internal/pkg/repo/padrepository.go:68.16,70.3 1 0
AdHub/internal/pkg/repo/padrepository.go:72.2,76.18 3 0
AdHub/internal/pkg/repo/padrepository.go:76.18,79.17 3 0
AdHub/internal/pkg/repo/padrepository.go:79.17,81.4 1 0
AdHub/internal/pkg/repo/padrepository.go:83.3,87.27 4 0
AdHub/internal/pkg/repo/padrepository.go:90.2,90.18 1 0
AdHub/internal/pkg/repo/padrepository.go:93.60,95.2 1 0
AdHub/internal/pkg/repo/padrepository.go:97.59,99.2 1 0
AdHub/internal/pkg/repo/padrepository.go:101.60,103.16 2 0
AdHub/internal/pkg/repo/padrepository.go:103.16,105.3 1 0
AdHub/internal/pkg/repo/padrepository.go:107.2,111.18 3 0
AdHub/internal/pkg/repo/padrepository.go:111.18,114.17 3 0
AdHub/internal/pkg/repo/padrepository.go:114.17,116.4 1 0
AdHub/internal/pkg/repo/padrepository.go:118.3,122.13 4 0
AdHub/internal/pkg/repo/padrepository.go:125.2,125.18 1 0
AdHub/internal/pkg/repo/targetrepository.go:17.70,23.2 2 1
AdHub/internal/pkg/repo/targetrepository.go:25.66,27.16 2 0
AdHub/internal/pkg/repo/targetrepository.go:27.16,29.3 1 0
AdHub/internal/pkg/repo/targetrepository.go:31.2,35.15 2 0
AdHub/internal/pkg/repo/targetrepository.go:38.86,47.33 5 1
AdHub/internal/pkg/repo/targetrepository.go:47.33,49.3 1 0
AdHub/internal/pkg/repo/targetrepository.go:51.2,51.20 1 1
AdHub/internal/pkg/repo/targetrepository.go:54.66,64.16 6 1
AdHub/internal/pkg/repo/targetrepository.go:64.16,66.3 1 0
AdHub/internal/pkg/repo/targetrepository.go:68.2,68.12 1 1
AdHub/internal/pkg/repo/targetrepository.go:71.49,72.89 1 1
AdHub/internal/pkg/repo/targetrepository.go:72.89,74.3 1 0
AdHub/internal/pkg/repo/targetrepository.go:76.2,76.12 1 1
AdHub/internal/pkg/repo/targetrepository.go:79.59,81.2 1 1
AdHub/internal/pkg/repo/targetrepository.go:83.66,85.2 1 1
AdHub/internal/pkg/repo/targetrepository.go:87.59,89.2 1 0
AdHub/internal/pkg/repo/targetrepository.go:91.67,93.16 2 1
AdHub/internal/pkg/repo/targetrepository.go:93.16,96.3 2 0
AdHub/internal/pkg/repo/targetrepository.go:98.2,102.18 3 1
AdHub/internal/pkg/repo/targetrepository.go:102.18,105.17 3 1
AdHub/internal/pkg/repo/targetrepository.go:105.17,107.4 1 0
AdHub/internal/pkg/repo/targetrepository.go:109.3,118.35 9 1
AdHub/internal/pkg/repo/targetrepository.go:121.2,121.20 1 1
AdHub/internal/pkg/repo/targetrepository.go:121.20,123.3 1 0
AdHub/internal/pkg/repo/targetrepository.go:125.2,125.20 1 1
AdHub/internal/pkg/repo/targetrepository.go:128.73,130.16 2 1
AdHub/internal/pkg/repo/targetrepository.go:130.16,133.3 2 0
AdHub/internal/pkg/repo/targetrepository.go:134.2,138.18 3 1
AdHub/internal/pkg/repo/targetrepository.go:138.18,142.17 4 1
AdHub/internal/pkg/repo/targetrepository.go:142.17,144.4 1 0
AdHub/internal/pkg/repo/targetrepository.go:146.3,157.37 10 1
AdHub/internal/pkg/repo/targetrepository.go:160.2,160.23 1 1
AdHub/internal/pkg/repo/targetrepository.go:160.23,162.3 1 0
AdHub/internal/pkg/repo/targetrepository.go:164.2,164.21 1 1
AdHub/internal/pkg/repo/targetrepository.go:167.69,169.16 2 0
AdHub/internal/pkg/repo/targetrepository.go:169.16,172.3 2 0
AdHub/internal/pkg/repo/targetrepository.go:173.2,177.18 3 0
AdHub/internal/pkg/repo/targetrepository.go:177.18,181.17 4 0
AdHub/internal/pkg/repo/targetrepository.go:181.17,183.4 1 0
AdHub/internal/pkg/repo/targetrepository.go:185.3,196.37 10 0
AdHub/internal/pkg/repo/targetrepository.go:199.2,199.23 1 0
AdHub/internal/pkg/repo/targetrepository.go:199.23,201.3 1 0
AdHub/internal/pkg/repo/targetrepository.go:203.2,203.21 1 0
AdHub/internal/pkg/repo/targetrepository.go:206.39,208.22 2 1
AdHub/internal/pkg/repo/targetrepository.go:208.22,210.3 1 1
AdHub/internal/pkg/repo/targetrepository.go:211.2,211.13 1 1
AdHub/internal/pkg/repo/uniquelinkrepository.go:16.92,21.2 2 0
AdHub/internal/pkg/repo/uniquelinkrepository.go:23.94,26.2 2 0
AdHub/internal/pkg/repo/uniquelinkrepository.go:28.78,29.23 1 0
AdHub/internal/pkg/repo/uniquelinkrepository.go:29.23,31.3 1 0
AdHub/internal/pkg/repo/uniquelinkrepository.go:32.2,34.16 3 0
AdHub/internal/pkg/repo/uniquelinkrepository.go:34.16,36.3 1 0
AdHub/internal/pkg/repo/uniquelinkrepository.go:37.2,37.15 1 0
AdHub/internal/pkg/repo/uniquelinkrepository.go:40.76,41.23 1 0
AdHub/internal/pkg/repo/uniquelinkrepository.go:41.23,43.3 1 0
AdHub/internal/pkg/repo/uniquelinkrepository.go:45.2,47.16 3 0
AdHub/internal/pkg/repo/uniquelinkrepository.go:47.16,49.3 1 0
AdHub/internal/pkg/repo/uniquelinkrepository.go:51.2,52.16 2 0
AdHub/internal/pkg/repo/uniquelinkrepository.go:52.16,54.3 1 0
AdHub/internal/pkg/repo/uniquelinkrepository.go:55.2,55.15 1 0
AdHub/internal/pkg/repo/uniquelinkrepository.go:58.59,59.23 1 0
AdHub/internal/pkg/repo/uniquelinkrepository.go:59.23,61.3 1 0
AdHub/internal/pkg/repo/uniquelinkrepository.go:63.2,65.12 3 0
AdHub/internal/pkg/repo/uniquelinkrepository.go:68.69,71.16 3 0
AdHub/internal/pkg/repo/uniquelinkrepository.go:71.16,73.3 1 0
AdHub/internal/pkg/repo/uniquelinkrepository.go:74.2,74.25 1 0
AdHub/internal/pkg/repo/userrepository.go:15.66,20.2 2 1
AdHub/internal/pkg/repo/userrepository.go:22.62,24.16 2 0
AdHub/internal/pkg/repo/userrepository.go:24.16,26.3 1 0
AdHub/internal/pkg/repo/userrepository.go:27.2,30.15 2 0
AdHub/internal/pkg/repo/userrepository.go:33.78,37.31 1 1
AdHub/internal/pkg/repo/userrepository.go:37.31,39.3 1 0
AdHub/internal/pkg/repo/userrepository.go:40.2,40.18 1 1
AdHub/internal/pkg/repo/userrepository.go:42.53,43.88 1 1
AdHub/internal/pkg/repo/userrepository.go:43.88,45.3 1 0
AdHub/internal/pkg/repo/userrepository.go:46.2,46.12 1 1
AdHub/internal/pkg/repo/userrepository.go:49.70,51.2 1 1
AdHub/internal/pkg/repo/userrepository.go:53.61,55.2 1 1
AdHub/internal/pkg/repo/userrepository.go:57.60,62.16 2 1
AdHub/internal/pkg/repo/userrepository.go:62.16,64.3 1 0
AdHub/internal/pkg/repo/userrepository.go:65.2,65.12 1 1
AdHub/internal/pkg/repo/userrepository.go:68.76,70.16 2 1
AdHub/internal/pkg/repo/userrepository.go:70.16,72.3 1 0
AdHub/internal/pkg/repo/userrepository.go:73.2,75.18 3 1
AdHub/internal/pkg/repo/userrepository.go:75.18,77.17 2 1
AdHub/internal/pkg/repo/userrepository.go:77.17,79.4 1 0
AdHub/internal/pkg/repo/userrepository.go:81.2,88.18 7 1
AdHub/internal/pkg/repo/userrepository.go:88.18,90.3 1 0
AdHub/internal/pkg/repo/userrepository.go:91.2,91.18 1 1
AdHub/internal/pkg/repo/userrepository.go:94.67,96.16 2 1
AdHub/internal/pkg/repo/userrepository.go:96.16,98.3 1 0
AdHub/internal/pkg/repo/userrepository.go:99.2,101.18 3 1
AdHub/internal/pkg/repo/userrepository.go:101.18,103.17 2 1
AdHub/internal/pkg/repo/userrepository.go:103.17,105.4 1 0
AdHub/internal/pkg/repo/userrepository.go:107.2,114.18 7 1
AdHub/internal/pkg/repo/userrepository.go:114.18,116.3 1 0
AdHub/internal/pkg/repo/userrepository.go:117.2,117.18 1 1
AdHub/pkg/cryptoUtils/utils.go:8.51,11.16 3 1
AdHub/pkg/cryptoUtils/utils.go:11.16,13.3 1 0
AdHub/pkg/cryptoUtils/utils.go:14.2,15.17 2 1
AdHub/pkg/db/postgres.go:15.30,17.2 1 0
AdHub/pkg/db/postgres.go:19.30,23.2 1 0
AdHub/pkg/db/postgres.go:25.27,27.2 1 0
AdHub/pkg/db/postgres.go:29.42,31.16 2 1
AdHub/pkg/db/postgres.go:31.16,34.3 2 0
AdHub/pkg/db/postgres.go:36.2,38.15 2 1
AdHub/pkg/db/postgres.go:41.22,43.2 1 1
AdHub/pkg/logger/logrus_logger.go:14.50,21.2 4 0
AdHub/pkg/logger/logrus_logger.go:23.45,25.2 1 1
AdHub/pkg/logger/logrus_logger.go:27.46,29.2 1 1
AdHub/pkg/logger/logrus_logger.go:31.46,33.2 1 0
AdHub/pkg/logger/logrus_logger.go:35.50,36.15 1 1
AdHub/pkg/logger/logrus_logger.go:37.18,38.36 1 1
AdHub/pkg/logger/logrus_logger.go:39.17,40.35 1 1
AdHub/pkg/logger/logrus_logger.go:41.18,42.36 1 1
AdHub/pkg/logger/logrus_logger.go:43.18,44.36 1 1
AdHub/pkg/logger/logrus_logger.go:48.84,56.2 2 1
